<?xml version="1.0" encoding="UTF-8"?>
<!-- Generated by org.testng.reporters.JUnitXMLReporter -->
<testsuite hostname="DESKTOP-VVM8OTS" ignored="1" name="Test(failed)" tests="1" failures="0" timestamp="15 Nov 2019 04:26:34 GMT" time="1.215" errors="0">
  <testcase name="@BeforeMethod setUp" time="1.08" classname="Test.FirstClass">
    <failure type="java.lang.NoSuchMethodError" message="org.apache.commons.io.IOUtils.toString(Ljava/io/InputStream;Ljava/nio/charset/Charset;)Ljava/lang/String;">
      <![CDATA[java.lang.NoSuchMethodError: org.apache.commons.io.IOUtils.toString(Ljava/io/InputStream;Ljava/nio/charset/Charset;)Ljava/lang/String;
at io.github.bonigarcia.wdm.Shell.runAndWaitNoLog(Shell.java:66)
at io.github.bonigarcia.wdm.Shell.runAndWaitArray(Shell.java:56)
at io.github.bonigarcia.wdm.Shell.runAndWait(Shell.java:50)
at io.github.bonigarcia.wdm.WebDriverManager.getBrowserVersionInWindows(WebDriverManager.java:1210)
at io.github.bonigarcia.wdm.WebDriverManager.getDefaultBrowserVersion(WebDriverManager.java:1175)
at io.github.bonigarcia.wdm.ChromeDriverManager.getBrowserVersion(ChromeDriverManager.java:103)
at io.github.bonigarcia.wdm.WebDriverManager.detectDriverVersionFromBrowser(WebDriverManager.java:581)
at io.github.bonigarcia.wdm.WebDriverManager.manage(WebDriverManager.java:509)
at io.github.bonigarcia.wdm.WebDriverManager.setup(WebDriverManager.java:260)
at Browser.Driver.application(Driver.java:35)
at Test.FirstClass.setUp(FirstClass.java:32)
... Removed 28 stack frames]]>
    </failure>
  </testcase> <!-- @BeforeMethod setUp -->
  <testcase name="@AfterMethod teardown" time="0.0" classname="Test.FirstClass">
    <skipped/>
  </testcase> <!-- @AfterMethod teardown -->
  <testcase name="testMethod" time="0.0" classname="Test.FirstClass">
    <skipped/>
  </testcase> <!-- testMethod -->
  <testcase name="verify" time="0.0" classname="Test.FirstClass">
    <ignored/>
  </testcase> <!-- verify -->
</testsuite> <!-- Test(failed) -->
